app/build/intermediates/manifest_merge_blame_file/debug/manifest-merger-blame-debug-report.txt
1<?xml version="1.0" encoding="utf-8"?>
2<manifest xmlns:android="http://schemas.android.com/apk/res/android"
3    package="com.example.mandirinews"
4    android:versionCode="1"
5    android:versionName="1.0" >
6
7    <uses-sdk
8        android:minSdkVersion="24"
8-->src\main\AndroidManifest.xml
9        android:targetSdkVersion="33" />
9-->src\main\AndroidManifest.xml
10
11    <uses-permission android:name="android.permission.INTERNET" />
11-->src\main\AndroidManifest.xml:5:5-67
11-->src\main\AndroidManifest.xml:5:22-64
12
13    <!-- Permission will be merged into the manifest of the hosting app. -->
14    <!-- Is required to launch foreground extraction service for targetSdkVersion 28+. -->
15    <uses-permission android:name="android.permission.FOREGROUND_SERVICE" />
15-->[com.google.android.play:core:1.10.3] AndroidManifest.xml:13:5-77
15-->[com.google.android.play:core:1.10.3] AndroidManifest.xml:13:22-74
16
17    <application
17-->src\main\AndroidManifest.xml:7:5-25:19
18        android:allowBackup="true"
18-->src\main\AndroidManifest.xml:8:9-35
19        android:appComponentFactory="androidx.core.app.CoreComponentFactory"
19-->[androidx.core:core:1.8.0] AndroidManifest.xml:24:18-86
20        android:dataExtractionRules="@xml/data_extraction_rules"
20-->src\main\AndroidManifest.xml:9:9-65
21        android:debuggable="true"
22        android:extractNativeLibs="false"
23        android:fullBackupContent="@xml/backup_rules"
23-->src\main\AndroidManifest.xml:10:9-54
24        android:icon="@mipmap/ic_logo_mandirinews"
24-->src\main\AndroidManifest.xml:11:9-51
25        android:label="@string/app_name"
25-->src\main\AndroidManifest.xml:12:9-41
26        android:supportsRtl="true"
26-->src\main\AndroidManifest.xml:13:9-35
27        android:testOnly="true"
28        android:theme="@style/Theme.MandiriNews" >
28-->src\main\AndroidManifest.xml:14:9-49
29        <activity
29-->src\main\AndroidManifest.xml:16:9-24:20
30            android:name="com.example.mandirinews.ui.MainActivity"
30-->src\main\AndroidManifest.xml:17:13-44
31            android:exported="true" >
31-->src\main\AndroidManifest.xml:18:13-36
32            <intent-filter>
32-->src\main\AndroidManifest.xml:19:13-23:29
33                <action android:name="android.intent.action.MAIN" />
33-->src\main\AndroidManifest.xml:20:17-69
33-->src\main\AndroidManifest.xml:20:25-66
34
35                <category android:name="android.intent.category.LAUNCHER" />
35-->src\main\AndroidManifest.xml:22:17-77
35-->src\main\AndroidManifest.xml:22:27-74
36            </intent-filter>
37        </activity>
38
39        <provider
39-->[androidx.emoji2:emoji2:1.0.0] AndroidManifest.xml:26:9-34:20
40            android:name="androidx.startup.InitializationProvider"
40-->[androidx.emoji2:emoji2:1.0.0] AndroidManifest.xml:27:13-67
41            android:authorities="com.example.mandirinews.androidx-startup"
41-->[androidx.emoji2:emoji2:1.0.0] AndroidManifest.xml:28:13-68
42            android:exported="false" >
42-->[androidx.emoji2:emoji2:1.0.0] AndroidManifest.xml:29:13-37
43            <meta-data
43-->[androidx.emoji2:emoji2:1.0.0] AndroidManifest.xml:31:13-33:52
44                android:name="androidx.emoji2.text.EmojiCompatInitializer"
44-->[androidx.emoji2:emoji2:1.0.0] AndroidManifest.xml:32:17-75
45                android:value="androidx.startup" />
45-->[androidx.emoji2:emoji2:1.0.0] AndroidManifest.xml:33:17-49
46            <meta-data
46-->[androidx.lifecycle:lifecycle-process:2.6.1] AndroidManifest.xml:29:13-31:52
47                android:name="androidx.lifecycle.ProcessLifecycleInitializer"
47-->[androidx.lifecycle:lifecycle-process:2.6.1] AndroidManifest.xml:30:17-78
48                android:value="androidx.startup" />
48-->[androidx.lifecycle:lifecycle-process:2.6.1] AndroidManifest.xml:31:17-49
49            <meta-data
49-->[androidx.profileinstaller:profileinstaller:1.3.0] AndroidManifest.xml:29:13-31:52
50                android:name="androidx.profileinstaller.ProfileInstallerInitializer"
50-->[androidx.profileinstaller:profileinstaller:1.3.0] AndroidManifest.xml:30:17-85
51                android:value="androidx.startup" />
51-->[androidx.profileinstaller:profileinstaller:1.3.0] AndroidManifest.xml:31:17-49
52        </provider>
53
54        <uses-library
54-->[androidx.window:window:1.0.0] AndroidManifest.xml:25:9-27:40
55            android:name="androidx.window.extensions"
55-->[androidx.window:window:1.0.0] AndroidManifest.xml:26:13-54
56            android:required="false" />
56-->[androidx.window:window:1.0.0] AndroidManifest.xml:27:13-37
57        <uses-library
57-->[androidx.window:window:1.0.0] AndroidManifest.xml:28:9-30:40
58            android:name="androidx.window.sidecar"
58-->[androidx.window:window:1.0.0] AndroidManifest.xml:29:13-51
59            android:required="false" />
59-->[androidx.window:window:1.0.0] AndroidManifest.xml:30:13-37
60
61        <service
61-->[androidx.room:room-runtime:2.5.1] AndroidManifest.xml:24:9-28:63
62            android:name="androidx.room.MultiInstanceInvalidationService"
62-->[androidx.room:room-runtime:2.5.1] AndroidManifest.xml:25:13-74
63            android:directBootAware="true"
63-->[androidx.room:room-runtime:2.5.1] AndroidManifest.xml:26:13-43
64            android:exported="false" />
64-->[androidx.room:room-runtime:2.5.1] AndroidManifest.xml:27:13-37
65
66        <receiver
66-->[androidx.profileinstaller:profileinstaller:1.3.0] AndroidManifest.xml:34:9-52:20
67            android:name="androidx.profileinstaller.ProfileInstallReceiver"
67-->[androidx.profileinstaller:profileinstaller:1.3.0] AndroidManifest.xml:35:13-76
68            android:directBootAware="false"
68-->[androidx.profileinstaller:profileinstaller:1.3.0] AndroidManifest.xml:36:13-44
69            android:enabled="true"
69-->[androidx.profileinstaller:profileinstaller:1.3.0] AndroidManifest.xml:37:13-35
70            android:exported="true"
70-->[androidx.profileinstaller:profileinstaller:1.3.0] AndroidManifest.xml:38:13-36
71            android:permission="android.permission.DUMP" >
71-->[androidx.profileinstaller:profileinstaller:1.3.0] AndroidManifest.xml:39:13-57
72            <intent-filter>
72-->[androidx.profileinstaller:profileinstaller:1.3.0] AndroidManifest.xml:40:13-42:29
73                <action android:name="androidx.profileinstaller.action.INSTALL_PROFILE" />
73-->[androidx.profileinstaller:profileinstaller:1.3.0] AndroidManifest.xml:41:17-91
73-->[androidx.profileinstaller:profileinstaller:1.3.0] AndroidManifest.xml:41:25-88
74            </intent-filter>
75            <intent-filter>
75-->[androidx.profileinstaller:profileinstaller:1.3.0] AndroidManifest.xml:43:13-45:29
76                <action android:name="androidx.profileinstaller.action.SKIP_FILE" />
76-->[androidx.profileinstaller:profileinstaller:1.3.0] AndroidManifest.xml:44:17-85
76-->[androidx.profileinstaller:profileinstaller:1.3.0] AndroidManifest.xml:44:25-82
77            </intent-filter>
78            <intent-filter>
78-->[androidx.profileinstaller:profileinstaller:1.3.0] AndroidManifest.xml:46:13-48:29
79                <action android:name="androidx.profileinstaller.action.SAVE_PROFILE" />
79-->[androidx.profileinstaller:profileinstaller:1.3.0] AndroidManifest.xml:47:17-88
79-->[androidx.profileinstaller:profileinstaller:1.3.0] AndroidManifest.xml:47:25-85
80            </intent-filter>
81            <intent-filter>
81-->[androidx.profileinstaller:profileinstaller:1.3.0] AndroidManifest.xml:49:13-51:29
82                <action android:name="androidx.profileinstaller.action.BENCHMARK_OPERATION" />
82-->[androidx.profileinstaller:profileinstaller:1.3.0] AndroidManifest.xml:50:17-95
82-->[androidx.profileinstaller:profileinstaller:1.3.0] AndroidManifest.xml:50:25-92
83            </intent-filter>
84        </receiver> <!-- The activities will be merged into the manifest of the hosting app. -->
85        <activity
85-->[com.google.android.play:core:1.10.3] AndroidManifest.xml:18:9-24:45
86            android:name="com.google.android.play.core.missingsplits.PlayCoreMissingSplitsActivity"
86-->[com.google.android.play:core:1.10.3] AndroidManifest.xml:19:13-100
87            android:enabled="false"
87-->[com.google.android.play:core:1.10.3] AndroidManifest.xml:20:13-36
88            android:exported="false"
88-->[com.google.android.play:core:1.10.3] AndroidManifest.xml:21:13-37
89            android:launchMode="singleInstance"
89-->[com.google.android.play:core:1.10.3] AndroidManifest.xml:22:13-48
90            android:process=":playcore_missing_splits_activity"
90-->[com.google.android.play:core:1.10.3] AndroidManifest.xml:23:13-64
91            android:stateNotNeeded="true" />
91-->[com.google.android.play:core:1.10.3] AndroidManifest.xml:24:13-42
92        <activity
92-->[com.google.android.play:core:1.10.3] AndroidManifest.xml:25:9-29:65
93            android:name="com.google.android.play.core.common.PlayCoreDialogWrapperActivity"
93-->[com.google.android.play:core:1.10.3] AndroidManifest.xml:26:13-93
94            android:exported="false"
94-->[com.google.android.play:core:1.10.3] AndroidManifest.xml:27:13-37
95            android:stateNotNeeded="true"
95-->[com.google.android.play:core:1.10.3] AndroidManifest.xml:28:13-42
96            android:theme="@style/Theme.PlayCore.Transparent" /> <!-- The services will be merged into the manifest of the hosting app. -->
96-->[com.google.android.play:core:1.10.3] AndroidManifest.xml:29:13-62
97        <service
97-->[com.google.android.play:core:1.10.3] AndroidManifest.xml:32:9-39:19
98            android:name="com.google.android.play.core.assetpacks.AssetPackExtractionService"
98-->[com.google.android.play:core:1.10.3] AndroidManifest.xml:33:13-94
99            android:enabled="false"
99-->[com.google.android.play:core:1.10.3] AndroidManifest.xml:34:13-36
100            android:exported="true" >
100-->[com.google.android.play:core:1.10.3] AndroidManifest.xml:35:13-36
101            <meta-data
101-->[com.google.android.play:core:1.10.3] AndroidManifest.xml:36:13-38:41
102                android:name="com.google.android.play.core.assetpacks.versionCode"
102-->[com.google.android.play:core:1.10.3] AndroidManifest.xml:37:17-83
103                android:value="11003" />
103-->[com.google.android.play:core:1.10.3] AndroidManifest.xml:38:17-38
104        </service>
105        <service
105-->[com.google.android.play:core:1.10.3] AndroidManifest.xml:40:9-43:40
106            android:name="com.google.android.play.core.assetpacks.ExtractionForegroundService"
106-->[com.google.android.play:core:1.10.3] AndroidManifest.xml:41:13-95
107            android:enabled="false"
107-->[com.google.android.play:core:1.10.3] AndroidManifest.xml:42:13-36
108            android:exported="false" />
108-->[com.google.android.play:core:1.10.3] AndroidManifest.xml:43:13-37
109    </application>
110
111</manifest>